[    1965ms] [INFO] %cDownload the React DevTools for a better development experience: https://react.dev/link/react-devtools font-weight:bold @ http://localhost:3000/_next/static/chunks/node_modules_next_dist_1ybzpk2._.js:2477
[    2112ms] [LOG] [HMR] connected @ http://localhost:3000/_next/static/chunks/node_modules_next_dist_1ybzpk2._.js:2477
[   41705ms] [ERROR] Failed to load resource: the server responded with a status of 500 (Internal Server Error) @ http://localhost:3000/journal?_rsc=5VJpizb1kcToiGu0:0
[   42721ms] [ERROR] Failed to load resource: the server responded with a status of 500 (Internal Server Error) @ http://localhost:3000/journal?_rsc=5VJpizb1kcToiGu0:0
[   43240ms] [ERROR] Failed to load resource: the server responded with a status of 500 (Internal Server Error) @ http://localhost:3000/?_rsc=5VJpizb1kcToiGu0:0
[   43466ms] [ERROR] Failed to load resource: the server responded with a status of 500 (Internal Server Error) @ http://localhost:3000/:0
[   44475ms] [INFO] %cDownload the React DevTools for a better development experience: https://react.dev/link/react-devtools font-weight:bold @ http://localhost:3000/_next/static/chunks/node_modules_react-dom_0kla17-._.js:15305
[   44638ms] Error: Could not parse module '[project]/OneDrive/Documents/Ascension OS/ascension-os-build/node_modules/next/app.js', file not found
    at module evaluation (http://localhost:3000/_next/static/chunks/0nwb_next_app_06v9r85.js:4:11)
    at http://localhost:3000/_next/static/chunks/06w1_OneDrive_Documents_Ascension%20OS_ascension-os-build_pages__app_054ew_3._.js:1307:27
    at runModuleExecutionHooks (http://localhost:3000/_next/static/chunks/06w1_OneDrive_Documents_Ascension%20OS_ascension-os-build_pages__app_054ew_3._.js:1636:13)
    at instantiateModuleShared (http://localhost:3000/_next/static/chunks/06w1_OneDrive_Documents_Ascension%20OS_ascension-os-build_pages__app_054ew_3._.js:1305:9)
    at instantiateModule (http://localhost:3000/_next/static/chunks/06w1_OneDrive_Documents_Ascension%20OS_ascension-os-build_pages__app_054ew_3._.js:1621:12)
    at getOrInstantiateModuleFromParent (http://localhost:3000/_next/static/chunks/06w1_OneDrive_Documents_Ascension%20OS_ascension-os-build_pages__app_054ew_3._.js:1604:12)
    at DevContext.commonJsRequire [as r] (http://localhost:3000/_next/static/chunks/06w1_OneDrive_Documents_Ascension%20OS_ascension-os-build_pages__app_054ew_3._.js:299:12)
    at http://localhost:3000/_next/static/chunks/%5Bnext%5D_entry_page-loader_ts_105l5r3._.js:8:38
    at http://localhost:3000/_next/static/chunks/node_modules_next_dist_client_16lnmlo._.js:694:51
[   44629ms] [LOG] [HMR] connected @ http://localhost:3000/_next/static/chunks/node_modules_next_dist_0zk-zb1._.js:1226
[   44982ms] [ERROR] ./src/lib/ai/conversation.ts:91:3
Return statement is not allowed here
  89 |   });
  90 |
> 91 |   return response;
     |   ^^^^^^^^^^^^^^^^
  92 | }
  93 |

Parsing ecmascript source code failed

Import trace:
  App Route:
    ./src/lib/ai/conversation.ts
    ./src/app/api/ai/chat/route.ts @ http://localhost:3000/_next/static/chunks/node_modules_next_dist_0zk-zb1._.js:1945
