[    7155ms] [ERROR] Failed to load resource: the server responded with a status of 500 (Internal Server Error) @ http://localhost:3000/:0
[    9619ms] [INFO] %cDownload the React DevTools for a better development experience: https://react.dev/link/react-devtools font-weight:bold @ http://localhost:3000/_next/static/chunks/node_modules_react-dom_0kla17-._.js:15305
[   13038ms] Error: Could not parse module '[project]/OneDrive/Documents/Ascension OS/ascension-os-build/node_modules/next/document.js', file not found
    at module evaluation (file://C:\ascension-os-build\.next\dev\server\chunks\ssr\0nwb_next_document_0fif2ks.js:4:11)
    at <unknown> (file://C:\ascension-os-build\.next\dev\server\chunks\ssr\[turbopack]_runtime.js:1291:27)
    at runWithHooks (file://C:\ascension-os-build\.next\dev\server\chunks\ssr\[turbopack]_runtime.js:1554:9)
    at instantiateModuleShared (file://C:\ascension-os-build\.next\dev\server\chunks\ssr\[turbopack]_runtime.js:1289:9)
    at instantiateModule (file://C:\ascension-os-build\.next\dev\server\chunks\ssr\[turbopack]_runtime.js:1557:23)
    at instantiateRuntimeModule (file://C:\ascension-os-build\.next\dev\server\chunks\ssr\[turbopack]_runtime.js:1564:12)
    at getOrInstantiateRuntimeModule (file://C:\ascension-os-build\.next\dev\server\chunks\ssr\[turbopack]_runtime.js:1577:12)
    at Object.m (file://C:\ascension-os-build\.next\dev\server\chunks\ssr\[turbopack]_runtime.js:1599:18)
    at Object.<anonymous> (file://C:\ascension-os-build\.next\dev\server\pages\_document.js:3:3)
    at Module._compile (node:internal/modules/cjs/loader:1730:14)
    at Object..js (node:internal/modules/cjs/loader:1895:10)
    at Module.load (node:internal/modules/cjs/loader:1465:32)
    at Function._load (node:internal/modules/cjs/loader:1282:12)
    at TracingChannel.traceSync (node:diagnostics_channel:322:14)
    at wrapModuleLoad (node:internal/modules/cjs/loader:235:24)
    at Module.<anonymous> (node:internal/modules/cjs/loader:1487:12)
    at mod.require (file://C:\ascension-os-build\node_modules\next\dist\server\require-hook.js:79:28)
    at require (node:internal/modules/helpers:135:16)
    at requirePage (file://C:\ascension-os-build\node_modules\next\dist\server\require.js:105:80)
    at loadComponentsImpl (file://C:\ascension-os-build\node_modules\next\dist\server\load-components.js:88:38)
    at DevServer.findPageComponentsImpl (file://C:\ascension-os-build\node_modules\next\dist\server\next-server.js:837:77)
    at <unknown> (file://C:\ascension-os-build\node_modules\next\dist\server\next-server.js:819:21)
    at <unknown> (file://C:\ascension-os-build\node_modules\next\dist\server\lib\trace\tracer.js:195:36)
    at NoopContextManager.with (file://C:\ascension-os-build\node_modules\next\dist\compiled\@opentelemetry\api\index.js:1:7062)
    at ContextAPI.with (file://C:\ascension-os-build\node_modules\next\dist\compiled\@opentelemetry\api\index.js:1:518)
    at NoopTracer.startActiveSpan (file://C:\ascension-os-build\node_modules\next\dist\compiled\@opentelemetry\api\index.js:1:18093)
    at ProxyTracer.startActiveSpan (file://C:\ascension-os-build\node_modules\next\dist\compiled\@opentelemetry\api\index.js:1:18854)
    at <unknown> (file://C:\ascension-os-build\node_modules\next\dist\server\lib\trace\tracer.js:164:103)
    at NoopContextManager.with (file://C:\ascension-os-build\node_modules\next\dist\compiled\@opentelemetry\api\index.js:1:7062)
    at ContextAPI.with (file://C:\ascension-os-build\node_modules\next\dist\compiled\@opentelemetry\api\index.js:1:518)
    at NextTracerImpl.trace (file://C:\ascension-os-build\node_modules\next\dist\server\lib\trace\tracer.js:164:28)
    at DevServer.findPageComponents (file://C:\ascension-os-build\node_modules\next\dist\server\next-server.js:814:41)
    at DevServer.findPageComponents (file://C:\ascension-os-build\node_modules\next\dist\server\dev\next-dev-server.js:705:28)
    at async DevServer.renderErrorToResponseImpl (file://C:\ascension-os-build\node_modules\next\dist\server\base-server.js:1753:26)
    at async pipe.req.req (file://C:\ascension-os-build\node_modules\next\dist\server\base-server.js:1660:30)
    at async DevServer.pipeImpl (file://C:\ascension-os-build\node_modules\next\dist\server\base-server.js:1044:25)
    at async DevServer.runMiddleware (file://C:\ascension-os-build\node_modules\next\dist\server\dev\next-dev-server.js:315:13)
    at async NextNodeServer.handleCatchallMiddlewareRequest (file://C:\ascension-os-build\node_modules\next\dist\server\next-server.js:392:26)
    at async DevServer.handleRequestImpl (file://C:\ascension-os-build\node_modules\next\dist\server\base-server.js:941:28)
    at async (file://C:\ascension-os-build\node_modules\next\dist\server\dev\next-dev-server.js:394:20)
    at async Span.traceAsyncFn (file://C:\ascension-os-build\node_modules\next\dist\trace\trace.js:164:20)
    at async DevServer.handleRequest (file://C:\ascension-os-build\node_modules\next\dist\server\dev\next-dev-server.js:390:24)
    at async handleRoute (file://C:\ascension-os-build\node_modules\next\dist\server\lib\router-utils\resolve-routes.js:366:33)
    at async resolveRoutes (file://C:\ascension-os-build\node_modules\next\dist\server\lib\router-utils\resolve-routes.js:622:28)
    at async handleRequest (file://C:\ascension-os-build\node_modules\next\dist\server\lib\router-server.js:314:96)
    at async requestHandlerImpl (file://C:\ascension-os-build\node_modules\next\dist\server\lib\router-server.js:514:13)
    at async Server.requestListener (file://C:\ascension-os-build\node_modules\next\dist\server\lib\start-server.js:225:13)
[   14805ms] [LOG] [HMR] connected @ http://localhost:3000/_next/static/chunks/node_modules_next_dist_1gdrd03._.js:1226
[  137058ms] [LOG] [Fast Refresh] rebuilding @ http://localhost:3000/_next/static/chunks/node_modules_next_dist_1gdrd03._.js:1226
[  167665ms] [ERROR] WebSocket connection to 'ws://localhost:3000/_next/webpack-hmr' failed: Error in connection establishment: net::ERR_CONNECTION_REFUSED @ http://localhost:3000/_next/static/chunks/node_modules_next_dist_client_16lnmlo._.js:2343
[  171018ms] [ERROR] WebSocket connection to 'ws://localhost:3000/_next/webpack-hmr' failed: Error in connection establishment: net::ERR_CONNECTION_REFUSED @ http://localhost:3000/_next/static/chunks/node_modules_next_dist_client_16lnmlo._.js:2343
[  180923ms] [LOG] [HMR] connected @ http://localhost:3000/_next/static/chunks/node_modules_next_dist_1gdrd03._.js:1226
